<?xml version="1.0" encoding="UTF-8"?>
<!-- Generated by org.testng.reporters.JUnitReportReporter -->
<testsuite hostname="LAPTOP-MOVMMQ0Q" failures="0" tests="4" name="test.LensKartTest" time="35.611" errors="0" timestamp="2024-02-10T18:11:12 IST" skipped="0">
  <testcase classname="test.LensKartTest" name="test3" time="7.439"/>
  <system-out/>
  <testcase classname="test.LensKartTest" name="test1" time="9.895"/>
  <system-out/>
  <testcase classname="test.LensKartTest" name="test4" time="5.218"/>
  <system-out/>
  <testcase classname="test.LensKartTest" name="test2" time="13.059"/>
  <system-out/>
</testsuite> <!-- test.LensKartTest -->
